I, [2017-05-28T14:18:05.400951 #7293]  INFO -- default-centos-69: -----> Converging <default-centos-69>...
I, [2017-05-28T14:18:05.401599 #7293]  INFO -- default-centos-69: Preparing files for transfer
I, [2017-05-28T14:18:05.401726 #7293]  INFO -- default-centos-69: Preparing salt-minion
I, [2017-05-28T14:18:05.402232 #7293]  INFO -- default-centos-69: Preparing pillars into /srv/pillar
I, [2017-05-28T14:18:05.410795 #7293]  INFO -- default-centos-69: Preparing state collection
I, [2017-05-28T14:18:05.410957 #7293]  INFO -- default-centos-69: neither collection_name or formula have been set, assuming this is a pre-built collection
I, [2017-05-28T14:18:05.693302 #7293]  INFO -- default-centos-69: Preparing state_top
I, [2017-05-28T14:18:06.738079 #7293]  INFO -- default-centos-69: You asked for latest and you have 2016.11.5 installed, sweet!
I, [2017-05-28T14:18:06.797261 #7293]  INFO -- default-centos-69: Transferring files to <default-centos-69>
I, [2017-05-28T14:18:10.969507 #7293]  INFO -- default-centos-69: /usr/lib/python2.6/site-packages/salt/utils/templates.py:80: DeprecationWarning: Starting in 2015.5, cmd.run uses python_shell=False by default, which doesn't support shellisms (pipes, env variables, etc). cmd.run is currently aliased to cmd.shell to prevent breakage. Please switch to cmd.shell or set python_shell=True to avoid breakage in the future, when this aliasing is removed.
I, [2017-05-28T14:18:10.996858 #7293]  INFO -- default-centos-69: [WARNING ] Public Key hashing currently defaults to "md5". This will change to "sha256" in the Nitrogen release.
I, [2017-05-28T14:18:10.999687 #7293]  INFO -- default-centos-69: [WARNING ] Public Key hashing currently defaults to "md5". This will change to "sha256" in the Nitrogen release.
I, [2017-05-28T14:18:10.999877 #7293]  INFO -- default-centos-69: [WARNING ] Public Key hashing currently defaults to "md5". This will change to "sha256" in the Nitrogen release.
I, [2017-05-28T14:18:11.009870 #7293]  INFO -- default-centos-69: [WARNING ] Public Key hashing currently defaults to "md5". This will change to "sha256" in the Nitrogen release.
I, [2017-05-28T14:18:12.939662 #7293]  INFO -- default-centos-69: /usr/lib/python2.6/site-packages/salt/states/cmd.py:814: DeprecationWarning: The legacy user/group arguments are deprecated. Replace them with runas. These arguments will be removed in Salt Oxygen.
I, [2017-05-28T14:18:13.289698 #7293]  INFO -- default-centos-69: [0;32mlocal:[0;0m
I, [2017-05-28T14:18:13.289743 #7293]  INFO -- default-centos-69: [0;36m----------[0;0m
I, [2017-05-28T14:18:13.289779 #7293]  INFO -- default-centos-69:     [0;36m      ID: cloud_info[0;0m
I, [2017-05-28T14:18:13.289797 #7293]  INFO -- default-centos-69:     [0;36mFunction: grains.present[0;0m
I, [2017-05-28T14:18:13.289810 #7293]  INFO -- default-centos-69:     [0;36m  Result: True[0;0m
I, [2017-05-28T14:18:13.289823 #7293]  INFO -- default-centos-69:     [0;36m Comment: Set grain cloud_info to [OrderedDict([('provider', 'Vagrant')])][0;0m
I, [2017-05-28T14:18:13.289838 #7293]  INFO -- default-centos-69:     [0;36m Started: 18:18:10.764198[0;0m
I, [2017-05-28T14:18:13.289851 #7293]  INFO -- default-centos-69:     [0;36mDuration: 1.299 ms[0;0m
I, [2017-05-28T14:18:13.289865 #7293]  INFO -- default-centos-69: [0;36m     Changes:   
I, [2017-05-28T14:18:13.289886 #7293]  INFO -- default-centos-69:        [0;36m----------[0;0m
I, [2017-05-28T14:18:13.289902 #7293]  INFO -- default-centos-69:        [0;36mcloud_info[0;0m:
I, [2017-05-28T14:18:13.289919 #7293]  INFO -- default-centos-69:            [0;32m|_[0;0m
I, [2017-05-28T14:18:13.289933 #7293]  INFO -- default-centos-69:              [0;36m----------[0;0m
I, [2017-05-28T14:18:13.289947 #7293]  INFO -- default-centos-69:              [0;36mprovider[0;0m:
I, [2017-05-28T14:18:13.289961 #7293]  INFO -- default-centos-69:                  [0;32mVagrant[0;0m[0;0m
I, [2017-05-28T14:18:13.289972 #7293]  INFO -- default-centos-69: [0;32m----------[0;0m
I, [2017-05-28T14:18:13.289983 #7293]  INFO -- default-centos-69:     [0;32m      ID: user_fake.user.1[0;0m
I, [2017-05-28T14:18:13.290005 #7293]  INFO -- default-centos-69:     [0;32mFunction: user.present[0;0m
I, [2017-05-28T14:18:13.290023 #7293]  INFO -- default-centos-69:     [0;32m    Name: fake.user.1[0;0m
I, [2017-05-28T14:18:13.290034 #7293]  INFO -- default-centos-69:     [0;32m  Result: True[0;0m
I, [2017-05-28T14:18:13.290045 #7293]  INFO -- default-centos-69:     [0;32m Comment: User fake.user.1 is present and up to date[0;0m
I, [2017-05-28T14:18:13.290056 #7293]  INFO -- default-centos-69:     [0;32m Started: 18:18:10.765867[0;0m
I, [2017-05-28T14:18:13.290067 #7293]  INFO -- default-centos-69:     [0;32mDuration: 27.413 ms[0;0m
I, [2017-05-28T14:18:13.290077 #7293]  INFO -- default-centos-69: [0;32m     Changes:   [0;0m
I, [2017-05-28T14:18:13.290098 #7293]  INFO -- default-centos-69: [0;32m----------[0;0m
I, [2017-05-28T14:18:13.290109 #7293]  INFO -- default-centos-69:     [0;32m      ID: fake.user.1_key[0;0m
I, [2017-05-28T14:18:13.290120 #7293]  INFO -- default-centos-69:     [0;32mFunction: ssh_auth.present[0;0m
I, [2017-05-28T14:18:13.290133 #7293]  INFO -- default-centos-69:     [0;32m    Name: fake key 1[0;0m
I, [2017-05-28T14:18:13.290144 #7293]  INFO -- default-centos-69:     [0;32m  Result: True[0;0m
I, [2017-05-28T14:18:13.290154 #7293]  INFO -- default-centos-69:     [0;32m Comment: The authorized host key fake is already present for user fake.user.1[0;0m
I, [2017-05-28T14:18:13.290166 #7293]  INFO -- default-centos-69:     [0;32m Started: 18:18:10.793620[0;0m
I, [2017-05-28T14:18:13.290176 #7293]  INFO -- default-centos-69:     [0;32mDuration: 4.449 ms[0;0m
I, [2017-05-28T14:18:13.290187 #7293]  INFO -- default-centos-69: [0;32m     Changes:   [0;0m
I, [2017-05-28T14:18:13.290197 #7293]  INFO -- default-centos-69: [0;32m----------[0;0m
I, [2017-05-28T14:18:13.290208 #7293]  INFO -- default-centos-69:     [0;32m      ID: user_fake.user.2[0;0m
I, [2017-05-28T14:18:13.290233 #7293]  INFO -- default-centos-69:     [0;32mFunction: user.present[0;0m
I, [2017-05-28T14:18:13.290244 #7293]  INFO -- default-centos-69:     [0;32m    Name: fake.user.2[0;0m
I, [2017-05-28T14:18:13.290256 #7293]  INFO -- default-centos-69:     [0;32m  Result: True[0;0m
I, [2017-05-28T14:18:13.290267 #7293]  INFO -- default-centos-69:     [0;32m Comment: User fake.user.2 is present and up to date[0;0m
I, [2017-05-28T14:18:13.290277 #7293]  INFO -- default-centos-69:     [0;32m Started: 18:18:10.798172[0;0m
I, [2017-05-28T14:18:13.290287 #7293]  INFO -- default-centos-69:     [0;32mDuration: 0.826 ms[0;0m
I, [2017-05-28T14:18:13.290300 #7293]  INFO -- default-centos-69: [0;32m     Changes:   [0;0m
I, [2017-05-28T14:18:13.290310 #7293]  INFO -- default-centos-69: [0;32m----------[0;0m
I, [2017-05-28T14:18:13.290320 #7293]  INFO -- default-centos-69:     [0;32m      ID: fake.user.2_key[0;0m
I, [2017-05-28T14:18:13.290331 #7293]  INFO -- default-centos-69:     [0;32mFunction: ssh_auth.present[0;0m
I, [2017-05-28T14:18:13.290341 #7293]  INFO -- default-centos-69:     [0;32m    Name: fake key 2[0;0m
I, [2017-05-28T14:18:13.290353 #7293]  INFO -- default-centos-69:     [0;32m  Result: True[0;0m
I, [2017-05-28T14:18:13.290364 #7293]  INFO -- default-centos-69:     [0;32m Comment: The authorized host key fake is already present for user fake.user.2[0;0m
I, [2017-05-28T14:18:13.290374 #7293]  INFO -- default-centos-69:     [0;32m Started: 18:18:10.799077[0;0m
I, [2017-05-28T14:18:13.290386 #7293]  INFO -- default-centos-69:     [0;32mDuration: 2.517 ms[0;0m
I, [2017-05-28T14:18:13.290410 #7293]  INFO -- default-centos-69: [0;32m     Changes:   [0;0m
I, [2017-05-28T14:18:13.290421 #7293]  INFO -- default-centos-69: [0;32m----------[0;0m
I, [2017-05-28T14:18:13.290432 #7293]  INFO -- default-centos-69:     [0;32m      ID: install_apache[0;0m
I, [2017-05-28T14:18:13.290442 #7293]  INFO -- default-centos-69:     [0;32mFunction: pkg.installed[0;0m
I, [2017-05-28T14:18:13.290454 #7293]  INFO -- default-centos-69:     [0;32m  Result: True[0;0m
I, [2017-05-28T14:18:13.290469 #7293]  INFO -- default-centos-69:     [0;32m Comment: All specified packages are already installed[0;0m
I, [2017-05-28T14:18:13.290482 #7293]  INFO -- default-centos-69:     [0;32m Started: 18:18:11.149767[0;0m
I, [2017-05-28T14:18:13.290493 #7293]  INFO -- default-centos-69:     [0;32mDuration: 239.459 ms[0;0m
I, [2017-05-28T14:18:13.290504 #7293]  INFO -- default-centos-69: [0;32m     Changes:   [0;0m
I, [2017-05-28T14:18:13.290515 #7293]  INFO -- default-centos-69: [0;32m----------[0;0m
I, [2017-05-28T14:18:13.290527 #7293]  INFO -- default-centos-69:     [0;32m      ID: index_html[0;0m
I, [2017-05-28T14:18:13.290537 #7293]  INFO -- default-centos-69:     [0;32mFunction: file.managed[0;0m
I, [2017-05-28T14:18:13.290549 #7293]  INFO -- default-centos-69:     [0;32m    Name: /var/www/html/index.html[0;0m
I, [2017-05-28T14:18:13.290559 #7293]  INFO -- default-centos-69:     [0;32m  Result: True[0;0m
I, [2017-05-28T14:18:13.290586 #7293]  INFO -- default-centos-69:     [0;32m Comment: File /var/www/html/index.html is in the correct state[0;0m
I, [2017-05-28T14:18:13.290597 #7293]  INFO -- default-centos-69:     [0;32m Started: 18:18:11.391105[0;0m
I, [2017-05-28T14:18:13.290607 #7293]  INFO -- default-centos-69:     [0;32mDuration: 11.18 ms[0;0m
I, [2017-05-28T14:18:13.290617 #7293]  INFO -- default-centos-69: [0;32m     Changes:   [0;0m
I, [2017-05-28T14:18:13.290627 #7293]  INFO -- default-centos-69: [0;32m----------[0;0m
I, [2017-05-28T14:18:13.290638 #7293]  INFO -- default-centos-69:     [0;32m      ID: apache_service[0;0m
I, [2017-05-28T14:18:13.290648 #7293]  INFO -- default-centos-69:     [0;32mFunction: service.running[0;0m
I, [2017-05-28T14:18:13.290658 #7293]  INFO -- default-centos-69:     [0;32m    Name: httpd[0;0m
I, [2017-05-28T14:18:13.290668 #7293]  INFO -- default-centos-69:     [0;32m  Result: True[0;0m
I, [2017-05-28T14:18:13.290680 #7293]  INFO -- default-centos-69:     [0;32m Comment: The service httpd is already running[0;0m
I, [2017-05-28T14:18:13.290691 #7293]  INFO -- default-centos-69:     [0;32m Started: 18:18:11.402657[0;0m
I, [2017-05-28T14:18:13.290701 #7293]  INFO -- default-centos-69:     [0;32mDuration: 49.587 ms[0;0m
I, [2017-05-28T14:18:13.290712 #7293]  INFO -- default-centos-69: [0;32m     Changes:   [0;0m
I, [2017-05-28T14:18:13.290722 #7293]  INFO -- default-centos-69: [0;32m----------[0;0m
I, [2017-05-28T14:18:13.290732 #7293]  INFO -- default-centos-69:     [0;32m      ID: install_flask[0;0m
I, [2017-05-28T14:18:13.290742 #7293]  INFO -- default-centos-69:     [0;32mFunction: pip.installed[0;0m
I, [2017-05-28T14:18:13.290751 #7293]  INFO -- default-centos-69:     [0;32m  Result: True[0;0m
I, [2017-05-28T14:18:13.290761 #7293]  INFO -- default-centos-69:     [0;32m Comment: Python package flask was already installed
I, [2017-05-28T14:18:13.290776 #7293]  INFO -- default-centos-69:        All packages were successfully installed[0;0m
I, [2017-05-28T14:18:13.290797 #7293]  INFO -- default-centos-69:     [0;32m Started: 18:18:11.754885[0;0m
I, [2017-05-28T14:18:13.290808 #7293]  INFO -- default-centos-69:     [0;32mDuration: 976.328 ms[0;0m
I, [2017-05-28T14:18:13.290819 #7293]  INFO -- default-centos-69: [0;32m     Changes:   [0;0m
I, [2017-05-28T14:18:13.290829 #7293]  INFO -- default-centos-69: [0;32m----------[0;0m
I, [2017-05-28T14:18:13.290839 #7293]  INFO -- default-centos-69:     [0;32m      ID: app_dir[0;0m
I, [2017-05-28T14:18:13.290849 #7293]  INFO -- default-centos-69:     [0;32mFunction: file.directory[0;0m
I, [2017-05-28T14:18:13.290860 #7293]  INFO -- default-centos-69:     [0;32m    Name: /opt/flask_app[0;0m
I, [2017-05-28T14:18:13.290870 #7293]  INFO -- default-centos-69:     [0;32m  Result: True[0;0m
I, [2017-05-28T14:18:13.290880 #7293]  INFO -- default-centos-69:     [0;32m Comment: Directory /opt/flask_app is in the correct state[0;0m
I, [2017-05-28T14:18:13.290891 #7293]  INFO -- default-centos-69:     [0;32m Started: 18:18:12.731428[0;0m
I, [2017-05-28T14:18:13.290912 #7293]  INFO -- default-centos-69:     [0;32mDuration: 1.783 ms[0;0m
I, [2017-05-28T14:18:13.290927 #7293]  INFO -- default-centos-69: [0;32m     Changes:   [0;0m
I, [2017-05-28T14:18:13.290938 #7293]  INFO -- default-centos-69: [0;32m----------[0;0m
I, [2017-05-28T14:18:13.290948 #7293]  INFO -- default-centos-69:     [0;32m      ID: create_app[0;0m
I, [2017-05-28T14:18:13.290958 #7293]  INFO -- default-centos-69:     [0;32mFunction: file.managed[0;0m
I, [2017-05-28T14:18:13.292110 #7293]  INFO -- default-centos-69:     [0;32m    Name: /opt/flask_app/app.py[0;0m
I, [2017-05-28T14:18:13.292149 #7293]  INFO -- default-centos-69:     [0;32m  Result: True[0;0m
I, [2017-05-28T14:18:13.292186 #7293]  INFO -- default-centos-69:     [0;32m Comment: File /opt/flask_app/app.py is in the correct state[0;0m
I, [2017-05-28T14:18:13.292213 #7293]  INFO -- default-centos-69:     [0;32m Started: 18:18:12.733306[0;0m
I, [2017-05-28T14:18:13.292230 #7293]  INFO -- default-centos-69:     [0;32mDuration: 2.706 ms[0;0m
I, [2017-05-28T14:18:13.292256 #7293]  INFO -- default-centos-69: [0;32m     Changes:   [0;0m
I, [2017-05-28T14:18:13.292268 #7293]  INFO -- default-centos-69: [0;32m----------[0;0m
I, [2017-05-28T14:18:13.292280 #7293]  INFO -- default-centos-69:     [0;32m      ID: create_supervisor_config[0;0m
I, [2017-05-28T14:18:13.292291 #7293]  INFO -- default-centos-69:     [0;32mFunction: file.managed[0;0m
I, [2017-05-28T14:18:13.292306 #7293]  INFO -- default-centos-69:     [0;32m    Name: /opt/flask_app/supervisor.conf[0;0m
I, [2017-05-28T14:18:13.292319 #7293]  INFO -- default-centos-69:     [0;32m  Result: True[0;0m
I, [2017-05-28T14:18:13.292330 #7293]  INFO -- default-centos-69:     [0;32m Comment: File /opt/flask_app/supervisor.conf is in the correct state[0;0m
I, [2017-05-28T14:18:13.292340 #7293]  INFO -- default-centos-69:     [0;32m Started: 18:18:12.736101[0;0m
I, [2017-05-28T14:18:13.292354 #7293]  INFO -- default-centos-69:     [0;32mDuration: 2.184 ms[0;0m
I, [2017-05-28T14:18:13.292369 #7293]  INFO -- default-centos-69: [0;32m     Changes:   [0;0m
I, [2017-05-28T14:18:13.292379 #7293]  INFO -- default-centos-69: [0;32m----------[0;0m
I, [2017-05-28T14:18:13.292395 #7293]  INFO -- default-centos-69:     [0;32m      ID: check_supervisord[0;0m
I, [2017-05-28T14:18:13.292405 #7293]  INFO -- default-centos-69:     [0;32mFunction: cmd.run[0;0m
I, [2017-05-28T14:18:13.292415 #7293]  INFO -- default-centos-69:     [0;32m    Name: supervisord -c /opt/flask_app/supervisor.conf[0;0m
I, [2017-05-28T14:18:13.292426 #7293]  INFO -- default-centos-69:     [0;32m  Result: True[0;0m
I, [2017-05-28T14:18:13.292436 #7293]  INFO -- default-centos-69:     [0;32m Comment: unless execution succeeded[0;0m
I, [2017-05-28T14:18:13.292455 #7293]  INFO -- default-centos-69:     [0;32m Started: 18:18:12.739424[0;0m
I, [2017-05-28T14:18:13.292465 #7293]  INFO -- default-centos-69:     [0;32mDuration: 127.068 ms[0;0m
I, [2017-05-28T14:18:13.292475 #7293]  INFO -- default-centos-69: [0;32m     Changes:   [0;0m
I, [2017-05-28T14:18:13.292485 #7293]  INFO -- default-centos-69: [0;32m----------[0;0m
I, [2017-05-28T14:18:13.292496 #7293]  INFO -- default-centos-69:     [0;32m      ID: run_app[0;0m
I, [2017-05-28T14:18:13.292520 #7293]  INFO -- default-centos-69:     [0;32mFunction: supervisord.running[0;0m
I, [2017-05-28T14:18:13.292545 #7293]  INFO -- default-centos-69:     [0;32m    Name: flask_app[0;0m
I, [2017-05-28T14:18:13.292568 #7293]  INFO -- default-centos-69:     [0;32m  Result: True[0;0m
I, [2017-05-28T14:18:13.292593 #7293]  INFO -- default-centos-69:     [0;32m Comment: Not starting already running service: flask_app[0;0m
I, [2017-05-28T14:18:13.292603 #7293]  INFO -- default-centos-69:     [0;32m Started: 18:18:12.869230[0;0m
I, [2017-05-28T14:18:13.292619 #7293]  INFO -- default-centos-69:     [0;32mDuration: 215.109 ms[0;0m
I, [2017-05-28T14:18:13.292629 #7293]  INFO -- default-centos-69: [0;32m     Changes:   [0;0m
I, [2017-05-28T14:18:13.292638 #7293]  INFO -- default-centos-69: [0;36m
I, [2017-05-28T14:18:13.292655 #7293]  INFO -- default-centos-69: Summary for local
I, [2017-05-28T14:18:13.292668 #7293]  INFO -- default-centos-69: -------------[0;0m
I, [2017-05-28T14:18:13.292690 #7293]  INFO -- default-centos-69: [0;32mSucceeded: 14[0;0m ([0;32mchanged=1[0;0m)
I, [2017-05-28T14:18:13.292701 #7293]  INFO -- default-centos-69: [0;36mFailed:     0[0;0m
I, [2017-05-28T14:18:13.292711 #7293]  INFO -- default-centos-69: [0;36m-------------
I, [2017-05-28T14:18:13.292721 #7293]  INFO -- default-centos-69: Total states run:     14[0;0m
I, [2017-05-28T14:18:13.292731 #7293]  INFO -- default-centos-69: [0;36mTotal run time:    1.662 s[0;0m
I, [2017-05-28T14:18:13.383626 #7293]  INFO -- default-centos-69: Finished converging <default-centos-69> (0m7.98s).
